<?xml version="1.0" encoding="UTF-8"?>
<testng-results skipped="0" failed="0" ignored="0" total="1" passed="1">
  <reporter-output>
  </reporter-output>
  <suite name="Default suite" duration-ms="8647" started-at="2017-08-30T13:04:48Z" finished-at="2017-08-30T13:04:56Z">
    <groups>
    </groups>
    <test name="Default test" duration-ms="8647" started-at="2017-08-30T13:04:48Z" finished-at="2017-08-30T13:04:56Z">
      <class name="Config.TestConfig">
        <test-method status="PASS" signature="startTest()[pri:0, instance:Config.TestConfig@204f30ec]" name="startTest" duration-ms="8627" started-at="2017-08-30T10:04:48Z" finished-at="2017-08-30T10:04:56Z">
          <reporter-output>
          </reporter-output>
        </test-method> <!-- startTest -->
      </class> <!-- Config.TestConfig -->
    </test> <!-- Default test -->
  </suite> <!-- Default suite -->
</testng-results>
